e:\yoseph haryanto\documents\project\thesis\code\metis\metis\metisdll\arm\debug\metisdll.pch
e:\yoseph haryanto\documents\project\thesis\code\metis\metis\metisdll\arm\debug\pch.obj
e:\yoseph haryanto\documents\project\thesis\code\metis\metis\metisdll\arm\debug\vc110.pdb
e:\yoseph haryanto\documents\project\thesis\code\metis\metis\metisdll\arm\debug\metisdll.obj
e:\yoseph haryanto\documents\project\thesis\code\metis\metis\metisdll\arm\debug\point.obj
e:\yoseph haryanto\documents\project\thesis\code\metis\metis\metisdll\arm\debug\secretsharingmanager.obj
e:\yoseph haryanto\documents\project\thesis\code\metis\metis\metisdll\arm\debug\image.obj
e:\yoseph haryanto\documents\project\thesis\code\metis\metis\metisdll\arm\debug\lagrange.obj
e:\yoseph haryanto\documents\project\thesis\code\metis\metis\metisdll\arm\debug\imagehelper.obj
e:\yoseph haryanto\documents\project\thesis\code\metis\metis\arm\debug\metisdll\metisdll.ilk
e:\yoseph haryanto\documents\project\thesis\code\metis\metis\arm\debug\metisdll\metisdll.dll
e:\yoseph haryanto\documents\project\thesis\code\metis\metis\arm\debug\metisdll\metisdll.winmd
e:\yoseph haryanto\documents\project\thesis\code\metis\metis\arm\debug\metisdll\metisdll.pdb
e:\yoseph haryanto\documents\project\thesis\code\metis\metis\arm\debug\metisdll\metisdll.lib
e:\yoseph haryanto\documents\project\thesis\code\metis\metis\arm\debug\metisdll\metisdll.exp
e:\yoseph haryanto\documents\project\thesis\code\metis\metis\metisdll\arm\debug\metisdll.vcxprojresolveassemblyreference.cache
e:\yoseph haryanto\documents\project\thesis\code\metis\metis\metisdll\arm\debug\cl.6256.read.1.tlog
e:\yoseph haryanto\documents\project\thesis\code\metis\metis\metisdll\arm\debug\cl.6256.write.1.tlog
e:\yoseph haryanto\documents\project\thesis\code\metis\metis\metisdll\arm\debug\cl.6548.read.1.tlog
e:\yoseph haryanto\documents\project\thesis\code\metis\metis\metisdll\arm\debug\cl.6548.write.1.tlog
e:\yoseph haryanto\documents\project\thesis\code\metis\metis\metisdll\arm\debug\cl.6712.read.1.tlog
e:\yoseph haryanto\documents\project\thesis\code\metis\metis\metisdll\arm\debug\cl.6712.write.1.tlog
e:\yoseph haryanto\documents\project\thesis\code\metis\metis\metisdll\arm\debug\cl.6832.read.1.tlog
e:\yoseph haryanto\documents\project\thesis\code\metis\metis\metisdll\arm\debug\cl.6832.write.1.tlog
e:\yoseph haryanto\documents\project\thesis\code\metis\metis\metisdll\arm\debug\cl.command.1.tlog
e:\yoseph haryanto\documents\project\thesis\code\metis\metis\metisdll\arm\debug\cl.read.1.tlog
e:\yoseph haryanto\documents\project\thesis\code\metis\metis\metisdll\arm\debug\cl.write.1.tlog
e:\yoseph haryanto\documents\project\thesis\code\metis\metis\metisdll\arm\debug\link.command.1.tlog
e:\yoseph haryanto\documents\project\thesis\code\metis\metis\metisdll\arm\debug\link.read.1.tlog
e:\yoseph haryanto\documents\project\thesis\code\metis\metis\metisdll\arm\debug\link.write.1.tlog
e:\yoseph haryanto\documents\project\thesis\code\metis\metis\metisdll\arm\debug\metisdll.write.1.tlog
