e:\yoseph haryanto\documents\project\thesis\code\metis\metis\metisdll\debug\metisdll.pch
e:\yoseph haryanto\documents\project\thesis\code\metis\metis\metisdll\debug\pch.xdc
e:\yoseph haryanto\documents\project\thesis\code\metis\metis\metisdll\debug\pch.obj
e:\yoseph haryanto\documents\project\thesis\code\metis\metis\metisdll\debug\vc110.pdb
e:\yoseph haryanto\documents\project\thesis\code\metis\metis\metisdll\debug\imagehelper.xdc
e:\yoseph haryanto\documents\project\thesis\code\metis\metis\metisdll\debug\imagehelper.obj
e:\yoseph haryanto\documents\project\thesis\code\metis\metis\metisdll\debug\image.xdc
e:\yoseph haryanto\documents\project\thesis\code\metis\metis\metisdll\debug\image.obj
e:\yoseph haryanto\documents\project\thesis\code\metis\metis\metisdll\debug\metisdll.xdc
e:\yoseph haryanto\documents\project\thesis\code\metis\metis\metisdll\debug\metisdll.obj
e:\yoseph haryanto\documents\project\thesis\code\metis\metis\metisdll\debug\point.xdc
e:\yoseph haryanto\documents\project\thesis\code\metis\metis\metisdll\debug\point.obj
e:\yoseph haryanto\documents\project\thesis\code\metis\metis\metisdll\debug\secretsharingmanager.xdc
e:\yoseph haryanto\documents\project\thesis\code\metis\metis\metisdll\debug\secretsharingmanager.obj
e:\yoseph haryanto\documents\project\thesis\code\metis\metis\metisdll\debug\lagrange.xdc
e:\yoseph haryanto\documents\project\thesis\code\metis\metis\metisdll\debug\lagrange.obj
e:\yoseph haryanto\documents\project\thesis\code\metis\metis\debug\metisdll\metisdll.ilk
e:\yoseph haryanto\documents\project\thesis\code\metis\metis\debug\metisdll\metisdll.dll
e:\yoseph haryanto\documents\project\thesis\code\metis\metis\debug\metisdll\metisdll.winmd
e:\yoseph haryanto\documents\project\thesis\code\metis\metis\debug\metisdll\metisdll.pdb
e:\yoseph haryanto\documents\project\thesis\code\metis\metis\debug\metisdll\metisdll.lib
e:\yoseph haryanto\documents\project\thesis\code\metis\metis\debug\metisdll\metisdll.exp
e:\yoseph haryanto\documents\project\thesis\code\metis\metis\debug\metisdll\metisdll.xml
e:\yoseph haryanto\documents\project\thesis\code\metis\metis\metisdll\debug\metisdll.vcxprojresolveassemblyreference.cache
e:\yoseph haryanto\documents\project\thesis\code\metis\metis\metisdll\debug\cl.5092.read.1.tlog
e:\yoseph haryanto\documents\project\thesis\code\metis\metis\metisdll\debug\cl.5092.write.1.tlog
e:\yoseph haryanto\documents\project\thesis\code\metis\metis\metisdll\debug\cl.5568.read.1.tlog
e:\yoseph haryanto\documents\project\thesis\code\metis\metis\metisdll\debug\cl.5568.write.1.tlog
e:\yoseph haryanto\documents\project\thesis\code\metis\metis\metisdll\debug\cl.7204.read.1.tlog
e:\yoseph haryanto\documents\project\thesis\code\metis\metis\metisdll\debug\cl.7204.write.1.tlog
e:\yoseph haryanto\documents\project\thesis\code\metis\metis\metisdll\debug\cl.8080.read.1.tlog
e:\yoseph haryanto\documents\project\thesis\code\metis\metis\metisdll\debug\cl.8080.write.1.tlog
e:\yoseph haryanto\documents\project\thesis\code\metis\metis\metisdll\debug\cl.command.1.tlog
e:\yoseph haryanto\documents\project\thesis\code\metis\metis\metisdll\debug\cl.read.1.tlog
e:\yoseph haryanto\documents\project\thesis\code\metis\metis\metisdll\debug\cl.write.1.tlog
e:\yoseph haryanto\documents\project\thesis\code\metis\metis\metisdll\debug\link.command.1.tlog
e:\yoseph haryanto\documents\project\thesis\code\metis\metis\metisdll\debug\link.read.1.tlog
e:\yoseph haryanto\documents\project\thesis\code\metis\metis\metisdll\debug\link.write.1.tlog
e:\yoseph haryanto\documents\project\thesis\code\metis\metis\metisdll\debug\metisdll.write.1.tlog
e:\yoseph haryanto\documents\project\thesis\code\metis\metis\metisdll\debug\xdcmake.command.1.tlog
e:\yoseph haryanto\documents\project\thesis\code\metis\metis\metisdll\debug\xdcmake.read.1.tlog
e:\yoseph haryanto\documents\project\thesis\code\metis\metis\metisdll\debug\xdcmake.write.1.tlog
e:\yoseph haryanto\documents\project\thesis\code\metis\metis\metisdll\debug\vc110.idb
